0 info it worked if it ends with ok
1 verbose cli [ 'C:\\Program Files\\nodejs\\node.exe',
1 verbose cli   'C:\\Users\\WilliamKLEIN\\AppData\\Roaming\\npm\\node_modules\\npm\\bin\\npm-cli.js',
1 verbose cli   'run',
1 verbose cli   'watch' ]
2 info using npm@3.7.1
3 info using node@v6.9.5
4 verbose run-script [ 'prewatch', 'watch', 'postwatch' ]
5 info lifecycle algo-gene-pixi@1.0.0~prewatch: algo-gene-pixi@1.0.0
6 silly lifecycle algo-gene-pixi@1.0.0~prewatch: no script for prewatch, continuing
7 info lifecycle algo-gene-pixi@1.0.0~watch: algo-gene-pixi@1.0.0
8 verbose lifecycle algo-gene-pixi@1.0.0~watch: unsafe-perm in lifecycle true
9 verbose lifecycle algo-gene-pixi@1.0.0~watch: PATH: C:\Users\WilliamKLEIN\AppData\Roaming\npm\node_modules\npm\bin\node-gyp-bin;C:\Perso\GenesRockets\node_modules\.bin;C:\Program Files\nodejs;C:\Python27\;C:\Python27\Scripts;C:\ProgramData\Oracle\Java\javapath;C:\Windows\system32;C:\Windows;C:\Windows\System32\Wbem;C:\Windows\System32\WindowsPowerShell\v1.0\;C:\Users\WilliamKLEIN\.dnx\bin;C:\Program Files\Microsoft DNX\Dnvm\;C:\Program Files\Microsoft SQL Server\120\Tools\Binn\;C:\Program Files\Microsoft\Web Platform Installer\;C:\Program Files (x86)\Windows Kits\10\Windows Performance Toolkit\;C:\Program Files (x86)\NVIDIA Corporation\PhysX\Common;C:\Program Files\Microsoft SQL Server\Client SDK\ODBC\110\Tools\Binn\;C:\Program Files (x86)\Microsoft SQL Server\120\DTS\Binn\;C:\Program Files (x86)\Windows Live\Shared;C:\Program Files (x86)\Microsoft SDKs\Azure\CLI\wbin;C:\Program Files\Microsoft SQL Server\130\Tools\Binn\;C:\Program Files (x86)\Microsoft Emulator Manager\1.0\;C:\Program Files (x86)\Microsoft SQL Server\110\DTS\Binn\;C:\Program Files (x86)\Microsoft SQL Server\130\DTS\Binn\;C:\WINDOWS\system32;C:\WINDOWS;C:\WINDOWS\System32\Wbem;C:\WINDOWS\System32\WindowsPowerShell\v1.0\;C:\Program Files\Microsoft SQL Server\Client SDK\ODBC\130\Tools\Binn\;C:\Program Files (x86)\Microsoft SQL Server\130\Tools\Binn\;C:\Program Files\Microsoft SQL Server\130\DTS\Binn\;C:\Program Files (x86)\Microsoft SQL Server\Client SDK\ODBC\130\Tools\Binn\;C:\Program Files (x86)\Microsoft SQL Server\130\Tools\Binn\ManagementStudio\;C:\Program Files\Git\cmd;C:\Users\WilliamKLEIN\AppData\Roaming\npm\;C:\Program Files\nodejs\;C:\Program Files\dotnet\;C:\Users\WilliamKLEIN\.dnx\runtimes\dnx-clr-win-x86.1.0.0-rc1-update2\bin;C:\Program Files (x86)\NuGet;C:\Program Files (x86)\Android\android-sdk\;C:\Program Files (x86)\Android\android-sdk\tools;C:\Program Files (x86)\Android\android-sdk\platform-tools;C:\Program Files (x86)\Microsoft VS Code\bin;C:\Users\WilliamKLEIN\AppData\Local\Microsoft\WindowsApps;C:\Program Files (x86)\Sophos\Sophos SSL VPN Client\bin
10 verbose lifecycle algo-gene-pixi@1.0.0~watch: CWD: C:\Perso\GenesRockets
11 silly lifecycle algo-gene-pixi@1.0.0~watch: Args: [ '/d /s /c', 'webpack -w | live-server dist' ]
12 silly lifecycle algo-gene-pixi@1.0.0~watch: Returned: code: 255  signal: null
13 info lifecycle algo-gene-pixi@1.0.0~watch: Failed to exec watch script
14 verbose stack Error: algo-gene-pixi@1.0.0 watch: `webpack -w | live-server dist`
14 verbose stack Exit status 255
14 verbose stack     at EventEmitter.<anonymous> (C:\Users\WilliamKLEIN\AppData\Roaming\npm\node_modules\npm\lib\utils\lifecycle.js:239:16)
14 verbose stack     at emitTwo (events.js:106:13)
14 verbose stack     at EventEmitter.emit (events.js:191:7)
14 verbose stack     at ChildProcess.<anonymous> (C:\Users\WilliamKLEIN\AppData\Roaming\npm\node_modules\npm\lib\utils\spawn.js:24:14)
14 verbose stack     at emitTwo (events.js:106:13)
14 verbose stack     at ChildProcess.emit (events.js:191:7)
14 verbose stack     at maybeClose (internal/child_process.js:877:16)
14 verbose stack     at Process.ChildProcess._handle.onexit (internal/child_process.js:226:5)
15 verbose pkgid algo-gene-pixi@1.0.0
16 verbose cwd C:\Perso\GenesRockets
17 error Windows_NT 10.0.14393
18 error argv "C:\\Program Files\\nodejs\\node.exe" "C:\\Users\\WilliamKLEIN\\AppData\\Roaming\\npm\\node_modules\\npm\\bin\\npm-cli.js" "run" "watch"
19 error node v6.9.5
20 error npm  v3.7.1
21 error code ELIFECYCLE
22 error algo-gene-pixi@1.0.0 watch: `webpack -w | live-server dist`
22 error Exit status 255
23 error Failed at the algo-gene-pixi@1.0.0 watch script 'webpack -w | live-server dist'.
23 error Make sure you have the latest version of node.js and npm installed.
23 error If you do, this is most likely a problem with the algo-gene-pixi package,
23 error not with npm itself.
23 error Tell the author that this fails on your system:
23 error     webpack -w | live-server dist
23 error You can get information on how to open an issue for this project with:
23 error     npm bugs algo-gene-pixi
23 error Or if that isn't available, you can get their info via:
23 error     npm owner ls algo-gene-pixi
23 error There is likely additional logging output above.
24 verbose exit [ 1, true ]
